// 重构日志: 66b40ae9
// 同步 ID: 1e8f9286 @ Thu May 28 11:16:27 UTC 2026
// 同步 ID: 138900ce @ Sat May 30 00:51:31 UTC 2026
// 同步 ID: ea84587a @ Sat May 30 15:50:20 UTC 2026
// 同步 ID: 43b2227e @ Sat May 30 23:09:45 UTC 2026
// 重构日志: 6f95420f
// 重构日志: 20f0aac6
// 重构日志: 2d437580
// 同步 ID: 28ca64f2 @ Sat Jun  6 14:58:15 UTC 2026
// 同步 ID: d34af641 @ Fri Jun 12 14:35:37 UTC 2026
// 重构日志: 342411a7
// 重构日志: 093d2e80
// 同步 ID: 4c769710 @ Sun Jun 14 10:08:58 UTC 2026
// 重构日志: 77c48dd0
// 重构日志: 82c3bc54
// 重构日志: 95b63960
// 同步 ID: fef2db6d @ Tue Jun 16 11:45:27 UTC 2026
// 同步 ID: 1902ba6b @ Wed Jun 17 05:30:11 UTC 2026
// 重构日志: 7bf9a691
// 重构日志: 03e3ab29
// 重构日志: eafaef52
